Tier 2: 27 configs x 2 kernels = 54 runs
  T_total = 100

  [1/27] N=  10 split=50-50 temporal=pulse
    discrete  : settle@  1  alpha_f 0.500  gain 0.00  (0.0s)
    continuous: settle@  1  alpha_f 0.945  gain 0.00  (0.1s)
    RMSE c-vs-d: 0.445
  [2/27] N=  10 split=50-50 temporal= drip
    discrete  : settle@  1  alpha_f 0.500  gain 0.00  (0.0s)
    continuous: settle@  1  alpha_f 0.945  gain 0.00  (0.1s)
    RMSE c-vs-d: 0.304
  [3/27] N=  10 split=50-50 temporal=async
    discrete  : settle@  1  alpha_f 0.500  gain 0.00  (0.0s)
    continuous: settle@  4  alpha_f 0.943  gain 0.00  (0.1s)
    RMSE c-vs-d: 0.312
  [4/27] N=  10 split=60-40 temporal=pulse
    discrete  : settle@  1  alpha_f 0.881  gain 3.81  (0.0s)
    continuous: settle@  1  alpha_f 0.984  gain 4.84  (0.1s)
    RMSE c-vs-d: 0.103
  [5/27] N=  10 split=60-40 temporal= drip
    discrete  : settle@  1  alpha_f 0.500  gain 0.00  (0.0s)
    continuous: settle@  1  alpha_f 0.986  gain 4.86  (0.1s)
    RMSE c-vs-d: 0.395
  [6/27] N=  10 split=60-40 temporal=async
    discrete  : settle@  1  alpha_f 0.500  gain 0.00  (0.0s)
    continuous: settle@  4  alpha_f 0.989  gain 4.89  (0.1s)
    RMSE c-vs-d: 0.440
  [7/27] N=  10 split=80-20 temporal=pulse
    discrete  : settle@  1  alpha_f 0.998  gain 1.66  (0.0s)
    continuous: settle@  1  alpha_f 0.996  gain 1.65  (0.1s)
    RMSE c-vs-d: 0.002
  [8/27] N=  10 split=80-20 temporal= drip
    discrete  : settle@  1  alpha_f 0.881  gain 1.27  (0.0s)
    continuous: settle@  1  alpha_f 0.993  gain 1.64  (0.1s)
    RMSE c-vs-d: 0.282
  [9/27] N=  10 split=80-20 temporal=async
    discrete  : settle@  1  alpha_f 0.500  gain 0.00  (0.0s)
    continuous: settle@  4  alpha_f 0.993  gain 1.64  (0.1s)
    RMSE c-vs-d: 0.473
  [10/27] N= 100 split=50-50 temporal=pulse
    discrete  : settle@  1  alpha_f 0.500  gain 0.00  (0.0s)
    continuous: settle@  1  alpha_f 0.983  gain 0.00  (0.2s)
    RMSE c-vs-d: 0.483
  [11/27] N= 100 split=50-50 temporal= drip
    discrete  : settle@  1  alpha_f 0.500  gain 0.00  (0.0s)
    continuous: settle@ 22  alpha_f 0.983  gain 0.00  (0.2s)
    RMSE c-vs-d: 0.469
  [12/27] N= 100 split=50-50 temporal=async
    discrete  : settle@  1  alpha_f 0.953  gain 0.00  (0.0s)
    continuous: settle@ 38  alpha_f 0.991  gain 0.00  (0.2s)
    RMSE c-vs-d: 0.239
  [13/27] N= 100 split=60-40 temporal=pulse
    discrete  : settle@  1  alpha_f 1.000  gain 5.00  (0.0s)
    continuous: settle@  1  alpha_f 0.989  gain 4.89  (0.2s)
    RMSE c-vs-d: 0.011
  [14/27] N= 100 split=60-40 temporal= drip
    discrete  : settle@  1  alpha_f 0.500  gain 0.00  (0.0s)
    continuous: settle@101  alpha_f 0.990  gain 4.90  (0.2s)
    RMSE c-vs-d: 0.484
  [15/27] N= 100 split=60-40 temporal=async
    discrete  : settle@  1  alpha_f 0.993  gain 4.93  (0.0s)
    continuous: settle@ 14  alpha_f 0.992  gain 4.92  (0.2s)
    RMSE c-vs-d: 0.095
  [16/27] N= 100 split=80-20 temporal=pulse
    discrete  : settle@  1  alpha_f 1.000  gain 1.67  (0.0s)
    continuous: settle@  1  alpha_f 0.996  gain 1.65  (0.3s)
    RMSE c-vs-d: 0.004
  [17/27] N= 100 split=80-20 temporal= drip
    discrete  : settle@  5  alpha_f 0.953  gain 1.51  (0.0s)
    continuous: settle@101  alpha_f 0.993  gain 1.64  (0.3s)
    RMSE c-vs-d: 0.088
  [18/27] N= 100 split=80-20 temporal=async
    discrete  : settle@  1  alpha_f 0.999  gain 1.66  (0.0s)
    continuous: settle@  5  alpha_f 1.000  gain 1.67  (0.2s)
    RMSE c-vs-d: 0.069
  [19/27] N=1000 split=50-50 temporal=pulse
    discrete  : settle@  1  alpha_f 0.500  gain 0.00  (0.0s)
    continuous: settle@  1  alpha_f 0.000  gain 0.00  (1.4s)
    RMSE c-vs-d: 0.500
  [20/27] N=1000 split=50-50 temporal= drip
    discrete  : settle@  1  alpha_f 0.500  gain 0.00  (0.0s)
    continuous: settle@  3  alpha_f 0.983  gain 0.00  (1.3s)
    RMSE c-vs-d: 0.483
  [21/27] N=1000 split=50-50 temporal=async
    discrete  : settle@  1  alpha_f 0.881  gain 0.00  (0.0s)
    continuous: settle@101  alpha_f 0.691  gain 0.00  (1.2s)
    RMSE c-vs-d: 0.315
  [22/27] N=1000 split=60-40 temporal=pulse
    discrete  : settle@  1  alpha_f 1.000  gain 5.00  (0.0s)
    continuous: settle@  1  alpha_f 1.000  gain 5.00  (1.3s)
    RMSE c-vs-d: 0.000
  [23/27] N=1000 split=60-40 temporal= drip
    discrete  : settle@  1  alpha_f 0.881  gain 3.81  (0.0s)
    continuous: settle@  2  alpha_f 0.999  gain 4.99  (1.3s)
    RMSE c-vs-d: 0.118
  [24/27] N=1000 split=60-40 temporal=async
    discrete  : settle@  1  alpha_f 0.982  gain 4.82  (0.0s)
    continuous: settle@101  alpha_f 0.839  gain 3.39  (1.4s)
    RMSE c-vs-d: 0.176
  [25/27] N=1000 split=80-20 temporal=pulse
    discrete  : settle@  1  alpha_f 1.000  gain 1.67  (0.0s)
    continuous: settle@  1  alpha_f 1.000  gain 1.67  (1.3s)
    RMSE c-vs-d: 0.000
  [26/27] N=1000 split=80-20 temporal= drip
    discrete  : settle@  1  alpha_f 0.998  gain 1.66  (0.0s)
    continuous: settle@  2  alpha_f 1.000  gain 1.67  (1.3s)
    RMSE c-vs-d: 0.002
  [27/27] N=1000 split=80-20 temporal=async
    discrete  : settle@  1  alpha_f 1.000  gain 1.67  (0.0s)
    continuous: settle@  4  alpha_f 0.999  gain 1.66  (1.0s)
    RMSE c-vs-d: 0.002

============================================================================
Tier 2 predictions:
============================================================================
  [FAIL] C1 (continuous settles within 80 rounds): 4 configs did not settle: 100/60-40/drip@101, 100/80-20/drip@101, 1000/50-50/async@101
  [PASS] C2 (settle time sub-linear in N): settle@N=10 1, settle@N=1000 3, ratio 3.00 (expected < 10)
  [PASS] C3 (final alpha tracks input ratio): all non-50/50 configs tracked
  [PASS] C4 (60/40 decisiveness gain >= 1.5): min gain 3.39, max 5.00
  [FAIL] C5 (50/50 lands near 0.5): 9 outside band: 10/pulse@0.945, 10/drip@0.945, 10/async@0.943
  [FAIL] C6 (continuous != discrete on tilted): all tilted RMSE > 0.05; min 0.000, max 0.484

  3/6 predictions passed

plotting per-(N, split) trajectories...
  plots saved to D:\videos\SF\manifesting\from_endstate\new physics\substrate_experiment\phase2\tier2_plots
  results saved to D:\videos\SF\manifesting\from_endstate\new physics\substrate_experiment\phase2\tier2_results.json
